<?xml version="1.0" encoding="UTF-8"?>
<coverage generated="1658476624112" clover="3.2.0">
  <project timestamp="1658476624112" name="All files">
    <metrics statements="92" coveredstatements="91" conditionals="37" coveredconditionals="32" methods="35" coveredmethods="34" elements="164" coveredelements="157" complexity="0" loc="92" ncloc="92" packages="1" files="5" classes="5"/>
    <file name="compiler.js" path="C:\Users\yangrui\Desktop\class-assignments\MVVM框架\src\compiler.js">
      <metrics statements="53" coveredstatements="53" conditionals="29" coveredconditionals="24" methods="16" coveredmethods="16"/>
      <line num="5" count="11" type="stmt"/>
      <line num="6" count="11" type="stmt"/>
      <line num="7" count="11" type="stmt"/>
      <line num="9" count="11" type="stmt"/>
      <line num="11" count="11" type="stmt"/>
      <line num="13" count="11" type="stmt"/>
      <line num="24" count="11" type="stmt"/>
      <line num="25" count="11" type="cond" truecount="3" falsecount="1"/>
      <line num="26" count="11" type="stmt"/>
      <line num="27" count="11" type="cond" truecount="1" falsecount="1"/>
      <line num="28" count="11" type="stmt"/>
      <line num="32" count="11" type="stmt"/>
      <line num="42" count="11" type="stmt"/>
      <line num="44" count="11" type="cond" truecount="2" falsecount="1"/>
      <line num="48" count="22" type="cond" truecount="4" falsecount="0"/>
      <line num="49" count="19" type="stmt"/>
      <line num="50" count="19" type="cond" truecount="2" falsecount="0"/>
      <line num="52" count="11" type="stmt"/>
      <line num="53" count="11" type="stmt"/>
      <line num="55" count="8" type="cond" truecount="1" falsecount="1"/>
      <line num="57" count="8" type="stmt"/>
      <line num="68" count="11" type="stmt"/>
      <line num="70" count="11" type="stmt"/>
      <line num="71" count="16" type="stmt"/>
      <line num="72" count="16" type="cond" truecount="2" falsecount="0"/>
      <line num="73" count="5" type="stmt"/>
      <line num="74" count="5" type="cond" truecount="2" falsecount="0"/>
      <line num="76" count="2" type="stmt"/>
      <line num="77" count="2" type="stmt"/>
      <line num="79" count="2" type="stmt"/>
      <line num="81" count="3" type="stmt"/>
      <line num="82" count="4" type="stmt"/>
      <line num="84" count="3" type="stmt"/>
      <line num="86" count="1" type="stmt"/>
      <line num="87" count="1" type="stmt"/>
      <line num="88" count="2" type="cond" truecount="2" falsecount="0"/>
      <line num="89" count="1" type="stmt"/>
      <line num="91" count="1" type="stmt"/>
      <line num="94" count="3" type="stmt"/>
      <line num="107" count="8" type="stmt"/>
      <line num="108" count="8" type="cond" truecount="1" falsecount="1"/>
      <line num="111" count="8" type="stmt"/>
      <line num="113" count="8" type="stmt"/>
      <line num="114" count="9" type="stmt"/>
      <line num="124" count="9" type="stmt"/>
      <line num="126" count="9" type="stmt"/>
      <line num="128" count="9" type="stmt"/>
      <line num="130" count="9" type="stmt"/>
      <line num="131" count="9" type="stmt"/>
      <line num="133" count="19" type="cond" truecount="4" falsecount="0"/>
      <line num="134" count="5" type="stmt"/>
      <line num="137" count="14" type="stmt"/>
      <line num="141" count="9" type="stmt"/>
    </file>
    <file name="dep.js" path="C:\Users\yangrui\Desktop\class-assignments\MVVM框架\src\dep.js">
      <metrics statements="4" coveredstatements="4" conditionals="0" coveredconditionals="0" methods="4" coveredmethods="4"/>
      <line num="3" count="14" type="stmt"/>
      <line num="11" count="22" type="stmt"/>
      <line num="18" count="2" type="stmt"/>
      <line num="19" count="2" type="stmt"/>
    </file>
    <file name="index.js" path="C:\Users\yangrui\Desktop\class-assignments\MVVM框架\src\index.js">
      <metrics statements="10" coveredstatements="9" conditionals="0" coveredconditionals="0" methods="5" coveredmethods="4"/>
      <line num="7" count="7" type="stmt"/>
      <line num="9" count="7" type="stmt"/>
      <line num="11" count="7" type="stmt"/>
      <line num="13" count="7" type="stmt"/>
      <line num="15" count="7" type="stmt"/>
      <line num="24" count="7" type="stmt"/>
      <line num="25" count="7" type="stmt"/>
      <line num="27" count="14" type="stmt"/>
      <line num="30" count="0" type="stmt"/>
      <line num="36" count="2" type="stmt"/>
    </file>
    <file name="observer.js" path="C:\Users\yangrui\Desktop\class-assignments\MVVM框架\src\observer.js">
      <metrics statements="13" coveredstatements="13" conditionals="6" coveredconditionals="6" methods="6" coveredmethods="6"/>
      <line num="5" count="7" type="stmt"/>
      <line num="6" count="7" type="stmt"/>
      <line num="16" count="21" type="cond" truecount="4" falsecount="0"/>
      <line num="17" count="14" type="stmt"/>
      <line num="18" count="14" type="stmt"/>
      <line num="32" count="14" type="stmt"/>
      <line num="33" count="14" type="stmt"/>
      <line num="40" count="28" type="cond" truecount="2" falsecount="0"/>
      <line num="41" count="28" type="stmt"/>
      <line num="44" count="2" type="stmt"/>
      <line num="45" count="2" type="stmt"/>
      <line num="47" count="2" type="stmt"/>
      <line num="52" count="14" type="stmt"/>
    </file>
    <file name="watcher.js" path="C:\Users\yangrui\Desktop\class-assignments\MVVM框架\src\watcher.js">
      <metrics statements="12" coveredstatements="12" conditionals="2" coveredconditionals="2" methods="4" coveredmethods="4"/>
      <line num="5" count="13" type="stmt"/>
      <line num="6" count="13" type="stmt"/>
      <line num="7" count="13" type="stmt"/>
      <line num="8" count="13" type="stmt"/>
      <line num="19" count="15" type="stmt"/>
      <line num="20" count="15" type="stmt"/>
      <line num="21" count="15" type="stmt"/>
      <line num="22" count="15" type="stmt"/>
      <line num="32" count="15" type="stmt"/>
      <line num="33" count="15" type="stmt"/>
      <line num="41" count="15" type="stmt"/>
      <line num="42" count="15" type="cond" truecount="2" falsecount="0"/>
    </file>
  </project>
</coverage>
