{"C:\\Users\\yangrui\\Desktop\\class-assignments\\MVVM框架\\src\\compiler.js": {"path":"C:\\Users\\yangrui\\Desktop\\class-assignments\\MVVM框架\\src\\compiler.js","statementMap":{"0":{"start":{"line":5,"column":8},"end":{"line":5,"column":23}},"1":{"start":{"line":6,"column":8},"end":{"line":6,"column":18}},"2":{"start":{"line":7,"column":8},"end":{"line":7,"column":29}},"3":{"start":{"line":9,"column":8},"end":{"line":9,"column":52}},"4":{"start":{"line":11,"column":8},"end":{"line":11,"column":36}},"5":{"start":{"line":13,"column":8},"end":{"line":13,"column":44}},"6":{"start":{"line":24,"column":21},"end":{"line":24,"column":54}},"7":{"start":{"line":25,"column":8},"end":{"line":31,"column":9}},"8":{"start":{"line":26,"column":12},"end":{"line":30,"column":15}},"9":{"start":{"line":27,"column":16},"end":{"line":29,"column":17}},"10":{"start":{"line":28,"column":20},"end":{"line":28,"column":47}},"11":{"start":{"line":32,"column":8},"end":{"line":32,"column":23}},"12":{"start":{"line":42,"column":16},"end":{"line":42,"column":28}},"13":{"start":{"line":44,"column":8},"end":{"line":44,"column":87}},"14":{"start":{"line":48,"column":8},"end":{"line":60,"column":9}},"15":{"start":{"line":49,"column":12},"end":{"line":59,"column":14}},"16":{"start":{"line":50,"column":16},"end":{"line":58,"column":17}},"17":{"start":{"line":52,"column":20},"end":{"line":52,"column":50}},"18":{"start":{"line":53,"column":20},"end":{"line":53,"column":39}},"19":{"start":{"line":55,"column":21},"end":{"line":58,"column":17}},"20":{"start":{"line":57,"column":20},"end":{"line":57,"column":50}},"21":{"start":{"line":68,"column":18},"end":{"line":68,"column":38}},"22":{"start":{"line":70,"column":8},"end":{"line":98,"column":10}},"23":{"start":{"line":71,"column":47},"end":{"line":71,"column":51}},"24":{"start":{"line":72,"column":12},"end":{"line":97,"column":13}},"25":{"start":{"line":73,"column":28},"end":{"line":73,"column":45}},"26":{"start":{"line":74,"column":16},"end":{"line":95,"column":17}},"27":{"start":{"line":76,"column":24},"end":{"line":78,"column":26}},"28":{"start":{"line":77,"column":28},"end":{"line":77,"column":51}},"29":{"start":{"line":79,"column":24},"end":{"line":79,"column":29}},"30":{"start":{"line":81,"column":24},"end":{"line":83,"column":26}},"31":{"start":{"line":82,"column":28},"end":{"line":82,"column":45}},"32":{"start":{"line":84,"column":24},"end":{"line":93,"column":26}},"33":{"start":{"line":86,"column":40},"end":{"line":86,"column":60}},"34":{"start":{"line":87,"column":28},"end":{"line":92,"column":44}},"35":{"start":{"line":88,"column":32},"end":{"line":90,"column":33}},"36":{"start":{"line":89,"column":36},"end":{"line":89,"column":68}},"37":{"start":{"line":91,"column":32},"end":{"line":91,"column":49}},"38":{"start":{"line":94,"column":24},"end":{"line":94,"column":29}},"39":{"start":{"line":107,"column":20},"end":{"line":107,"column":36}},"40":{"start":{"line":108,"column":8},"end":{"line":116,"column":9}},"41":{"start":{"line":111,"column":20},"end":{"line":111,"column":50}},"42":{"start":{"line":113,"column":12},"end":{"line":115,"column":14}},"43":{"start":{"line":114,"column":16},"end":{"line":114,"column":39}},"44":{"start":{"line":124,"column":16},"end":{"line":124,"column":32}},"45":{"start":{"line":126,"column":19},"end":{"line":126,"column":37}},"46":{"start":{"line":128,"column":18},"end":{"line":128,"column":36}},"47":{"start":{"line":130,"column":19},"end":{"line":130,"column":21}},"48":{"start":{"line":131,"column":8},"end":{"line":139,"column":10}},"49":{"start":{"line":133,"column":12},"end":{"line":138,"column":13}},"50":{"start":{"line":134,"column":16},"end":{"line":134,"column":41}},"51":{"start":{"line":137,"column":16},"end":{"line":137,"column":41}},"52":{"start":{"line":141,"column":8},"end":{"line":141,"column":31}}},"fnMap":{"0":{"name":"(anonymous_0)","decl":{"start":{"line":4,"column":4},"end":{"line":4,"column":5}},"loc":{"start":{"line":4,"column":19},"end":{"line":15,"column":5}},"line":4},"1":{"name":"(anonymous_1)","decl":{"start":{"line":23,"column":4},"end":{"line":23,"column":5}},"loc":{"start":{"line":23,"column":24},"end":{"line":34,"column":5}},"line":23},"2":{"name":"(anonymous_2)","decl":{"start":{"line":26,"column":36},"end":{"line":26,"column":37}},"loc":{"start":{"line":26,"column":45},"end":{"line":30,"column":13}},"line":26},"3":{"name":"(anonymous_3)","decl":{"start":{"line":41,"column":4},"end":{"line":41,"column":5}},"loc":{"start":{"line":41,"column":16},"end":{"line":45,"column":5}},"line":41},"4":{"name":"(anonymous_4)","decl":{"start":{"line":47,"column":4},"end":{"line":47,"column":5}},"loc":{"start":{"line":47,"column":17},"end":{"line":61,"column":5}},"line":47},"5":{"name":"(anonymous_5)","decl":{"start":{"line":49,"column":36},"end":{"line":49,"column":37}},"loc":{"start":{"line":49,"column":45},"end":{"line":59,"column":13}},"line":49},"6":{"name":"(anonymous_6)","decl":{"start":{"line":67,"column":4},"end":{"line":67,"column":5}},"loc":{"start":{"line":67,"column":28},"end":{"line":100,"column":5}},"line":67},"7":{"name":"(anonymous_7)","decl":{"start":{"line":70,"column":22},"end":{"line":70,"column":23}},"loc":{"start":{"line":70,"column":28},"end":{"line":98,"column":9}},"line":70},"8":{"name":"(anonymous_8)","decl":{"start":{"line":76,"column":54},"end":{"line":76,"column":55}},"loc":{"start":{"line":76,"column":62},"end":{"line":78,"column":25}},"line":76},"9":{"name":"(anonymous_9)","decl":{"start":{"line":81,"column":54},"end":{"line":81,"column":55}},"loc":{"start":{"line":81,"column":62},"end":{"line":83,"column":25}},"line":81},"10":{"name":"(anonymous_10)","decl":{"start":{"line":84,"column":54},"end":{"line":84,"column":55}},"loc":{"start":{"line":84,"column":57},"end":{"line":93,"column":25}},"line":84},"11":{"name":"(anonymous_11)","decl":{"start":{"line":87,"column":43},"end":{"line":87,"column":44}},"loc":{"start":{"line":87,"column":69},"end":{"line":92,"column":29}},"line":87},"12":{"name":"(anonymous_12)","decl":{"start":{"line":106,"column":4},"end":{"line":106,"column":5}},"loc":{"start":{"line":106,"column":28},"end":{"line":117,"column":5}},"line":106},"13":{"name":"(anonymous_13)","decl":{"start":{"line":113,"column":36},"end":{"line":113,"column":37}},"loc":{"start":{"line":113,"column":46},"end":{"line":115,"column":13}},"line":113},"14":{"name":"(anonymous_14)","decl":{"start":{"line":123,"column":4},"end":{"line":123,"column":5}},"loc":{"start":{"line":123,"column":29},"end":{"line":143,"column":5}},"line":123},"15":{"name":"(anonymous_15)","decl":{"start":{"line":131,"column":23},"end":{"line":131,"column":24}},"loc":{"start":{"line":131,"column":31},"end":{"line":139,"column":9}},"line":131}},"branchMap":{"0":{"loc":{"start":{"line":25,"column":8},"end":{"line":31,"column":9}},"type":"if","locations":[{"start":{"line":25,"column":8},"end":{"line":31,"column":9}},{"start":{},"end":{}}],"line":25},"1":{"loc":{"start":{"line":25,"column":11},"end":{"line":25,"column":52}},"type":"binary-expr","locations":[{"start":{"line":25,"column":11},"end":{"line":25,"column":26}},{"start":{"line":25,"column":30},"end":{"line":25,"column":52}}],"line":25},"2":{"loc":{"start":{"line":27,"column":16},"end":{"line":29,"column":17}},"type":"if","locations":[{"start":{"line":27,"column":16},"end":{"line":29,"column":17}},{"start":{},"end":{}}],"line":27},"3":{"loc":{"start":{"line":44,"column":16},"end":{"line":44,"column":86}},"type":"binary-expr","locations":[{"start":{"line":44,"column":16},"end":{"line":44,"column":33}},{"start":{"line":44,"column":38},"end":{"line":44,"column":55}},{"start":{"line":44,"column":59},"end":{"line":44,"column":85}}],"line":44},"4":{"loc":{"start":{"line":48,"column":8},"end":{"line":60,"column":9}},"type":"if","locations":[{"start":{"line":48,"column":8},"end":{"line":60,"column":9}},{"start":{},"end":{}}],"line":48},"5":{"loc":{"start":{"line":48,"column":11},"end":{"line":48,"column":52}},"type":"binary-expr","locations":[{"start":{"line":48,"column":11},"end":{"line":48,"column":26}},{"start":{"line":48,"column":30},"end":{"line":48,"column":52}}],"line":48},"6":{"loc":{"start":{"line":50,"column":16},"end":{"line":58,"column":17}},"type":"if","locations":[{"start":{"line":50,"column":16},"end":{"line":58,"column":17}},{"start":{"line":55,"column":21},"end":{"line":58,"column":17}}],"line":50},"7":{"loc":{"start":{"line":55,"column":21},"end":{"line":58,"column":17}},"type":"if","locations":[{"start":{"line":55,"column":21},"end":{"line":58,"column":17}},{"start":{},"end":{}}],"line":55},"8":{"loc":{"start":{"line":72,"column":12},"end":{"line":97,"column":13}},"type":"if","locations":[{"start":{"line":72,"column":12},"end":{"line":97,"column":13}},{"start":{},"end":{}}],"line":72},"9":{"loc":{"start":{"line":74,"column":16},"end":{"line":95,"column":17}},"type":"switch","locations":[{"start":{"line":75,"column":20},"end":{"line":79,"column":29}},{"start":{"line":80,"column":20},"end":{"line":94,"column":29}}],"line":74},"10":{"loc":{"start":{"line":88,"column":32},"end":{"line":90,"column":33}},"type":"if","locations":[{"start":{"line":88,"column":32},"end":{"line":90,"column":33}},{"start":{},"end":{}}],"line":88},"11":{"loc":{"start":{"line":108,"column":8},"end":{"line":116,"column":9}},"type":"if","locations":[{"start":{"line":108,"column":8},"end":{"line":116,"column":9}},{"start":{},"end":{}}],"line":108},"12":{"loc":{"start":{"line":133,"column":12},"end":{"line":138,"column":13}},"type":"if","locations":[{"start":{"line":133,"column":12},"end":{"line":138,"column":13}},{"start":{"line":136,"column":17},"end":{"line":138,"column":13}}],"line":133},"13":{"loc":{"start":{"line":133,"column":15},"end":{"line":133,"column":56}},"type":"binary-expr","locations":[{"start":{"line":133,"column":15},"end":{"line":133,"column":20}},{"start":{"line":133,"column":24},"end":{"line":133,"column":56}}],"line":133}},"s":{"0":11,"1":11,"2":11,"3":11,"4":11,"5":11,"6":11,"7":11,"8":11,"9":11,"10":11,"11":11,"12":11,"13":11,"14":22,"15":19,"16":19,"17":11,"18":11,"19":8,"20":8,"21":11,"22":11,"23":16,"24":16,"25":5,"26":5,"27":2,"28":2,"29":2,"30":3,"31":4,"32":3,"33":1,"34":1,"35":2,"36":1,"37":1,"38":3,"39":8,"40":8,"41":8,"42":8,"43":9,"44":9,"45":9,"46":9,"47":9,"48":9,"49":19,"50":5,"51":14,"52":9},"f":{"0":11,"1":11,"2":11,"3":11,"4":22,"5":19,"6":11,"7":16,"8":2,"9":4,"10":1,"11":2,"12":8,"13":9,"14":9,"15":19},"b":{"0":[11,0],"1":[11,11],"2":[11,0],"3":[11,11,0],"4":[19,3],"5":[22,22],"6":[11,8],"7":[8,0],"8":[5,11],"9":[2,3],"10":[1,1],"11":[8,0],"12":[5,14],"13":[19,15]},"_coverageSchema":"1a1c01bbd47fc00a2c39e90264f33305004495a9","hash":"5753f4dc7a92d30ae36bd739ade0b0d8d3505905"}
,"C:\\Users\\yangrui\\Desktop\\class-assignments\\MVVM框架\\src\\dep.js": {"path":"C:\\Users\\yangrui\\Desktop\\class-assignments\\MVVM框架\\src\\dep.js","statementMap":{"0":{"start":{"line":3,"column":8},"end":{"line":3,"column":20}},"1":{"start":{"line":11,"column":8},"end":{"line":11,"column":30}},"2":{"start":{"line":18,"column":8},"end":{"line":20,"column":10}},"3":{"start":{"line":19,"column":12},"end":{"line":19,"column":28}}},"fnMap":{"0":{"name":"(anonymous_0)","decl":{"start":{"line":2,"column":4},"end":{"line":2,"column":5}},"loc":{"start":{"line":2,"column":17},"end":{"line":4,"column":5}},"line":2},"1":{"name":"(anonymous_1)","decl":{"start":{"line":10,"column":4},"end":{"line":10,"column":5}},"loc":{"start":{"line":10,"column":15},"end":{"line":12,"column":5}},"line":10},"2":{"name":"(anonymous_2)","decl":{"start":{"line":17,"column":4},"end":{"line":17,"column":5}},"loc":{"start":{"line":17,"column":12},"end":{"line":21,"column":5}},"line":17},"3":{"name":"(anonymous_3)","decl":{"start":{"line":18,"column":26},"end":{"line":18,"column":27}},"loc":{"start":{"line":18,"column":35},"end":{"line":20,"column":9}},"line":18}},"branchMap":{},"s":{"0":14,"1":22,"2":2,"3":2},"f":{"0":14,"1":22,"2":2,"3":2},"b":{},"_coverageSchema":"1a1c01bbd47fc00a2c39e90264f33305004495a9","hash":"32c28fcba31f4fd91f0f8ac547f17c600ecabaee"}
,"C:\\Users\\yangrui\\Desktop\\class-assignments\\MVVM框架\\src\\index.js": {"path":"C:\\Users\\yangrui\\Desktop\\class-assignments\\MVVM框架\\src\\index.js","statementMap":{"0":{"start":{"line":7,"column":8},"end":{"line":7,"column":51}},"1":{"start":{"line":9,"column":8},"end":{"line":9,"column":31}},"2":{"start":{"line":11,"column":8},"end":{"line":11,"column":34}},"3":{"start":{"line":13,"column":8},"end":{"line":13,"column":32}},"4":{"start":{"line":15,"column":8},"end":{"line":15,"column":26}},"5":{"start":{"line":24,"column":8},"end":{"line":33,"column":10}},"6":{"start":{"line":25,"column":12},"end":{"line":32,"column":14}},"7":{"start":{"line":27,"column":20},"end":{"line":27,"column":36}},"8":{"start":{"line":30,"column":20},"end":{"line":30,"column":36}},"9":{"start":{"line":36,"column":0},"end":{"line":36,"column":14}}},"fnMap":{"0":{"name":"(anonymous_0)","decl":{"start":{"line":5,"column":4},"end":{"line":5,"column":5}},"loc":{"start":{"line":5,"column":24},"end":{"line":17,"column":5}},"line":5},"1":{"name":"(anonymous_1)","decl":{"start":{"line":23,"column":4},"end":{"line":23,"column":5}},"loc":{"start":{"line":23,"column":19},"end":{"line":34,"column":5}},"line":23},"2":{"name":"(anonymous_2)","decl":{"start":{"line":24,"column":34},"end":{"line":24,"column":35}},"loc":{"start":{"line":24,"column":41},"end":{"line":33,"column":9}},"line":24},"3":{"name":"(anonymous_3)","decl":{"start":{"line":26,"column":20},"end":{"line":26,"column":21}},"loc":{"start":{"line":26,"column":24},"end":{"line":28,"column":17}},"line":26},"4":{"name":"(anonymous_4)","decl":{"start":{"line":29,"column":20},"end":{"line":29,"column":21}},"loc":{"start":{"line":29,"column":30},"end":{"line":31,"column":17}},"line":29}},"branchMap":{},"s":{"0":7,"1":7,"2":7,"3":7,"4":7,"5":7,"6":7,"7":14,"8":0,"9":2},"f":{"0":7,"1":7,"2":7,"3":14,"4":0},"b":{},"_coverageSchema":"1a1c01bbd47fc00a2c39e90264f33305004495a9","hash":"f0ee749871b14f9e513c8c93f25a8faeae38a3e4"}
,"C:\\Users\\yangrui\\Desktop\\class-assignments\\MVVM框架\\src\\observer.js": {"path":"C:\\Users\\yangrui\\Desktop\\class-assignments\\MVVM框架\\src\\observer.js","statementMap":{"0":{"start":{"line":5,"column":8},"end":{"line":5,"column":22}},"1":{"start":{"line":6,"column":8},"end":{"line":6,"column":23}},"2":{"start":{"line":16,"column":8},"end":{"line":16,"column":52}},"3":{"start":{"line":16,"column":45},"end":{"line":16,"column":52}},"4":{"start":{"line":17,"column":8},"end":{"line":19,"column":10}},"5":{"start":{"line":18,"column":12},"end":{"line":18,"column":51}},"6":{"start":{"line":32,"column":16},"end":{"line":32,"column":25}},"7":{"start":{"line":33,"column":8},"end":{"line":49,"column":10}},"8":{"start":{"line":40,"column":16},"end":{"line":40,"column":49}},"9":{"start":{"line":41,"column":16},"end":{"line":41,"column":28}},"10":{"start":{"line":44,"column":16},"end":{"line":44,"column":28}},"11":{"start":{"line":45,"column":16},"end":{"line":45,"column":34}},"12":{"start":{"line":47,"column":16},"end":{"line":47,"column":28}},"13":{"start":{"line":52,"column":8},"end":{"line":52,"column":24}}},"fnMap":{"0":{"name":"(anonymous_0)","decl":{"start":{"line":4,"column":4},"end":{"line":4,"column":5}},"loc":{"start":{"line":4,"column":21},"end":{"line":7,"column":5}},"line":4},"1":{"name":"(anonymous_1)","decl":{"start":{"line":15,"column":4},"end":{"line":15,"column":5}},"loc":{"start":{"line":15,"column":14},"end":{"line":20,"column":5}},"line":15},"2":{"name":"(anonymous_2)","decl":{"start":{"line":17,"column":34},"end":{"line":17,"column":35}},"loc":{"start":{"line":17,"column":41},"end":{"line":19,"column":9}},"line":17},"3":{"name":"(anonymous_3)","decl":{"start":{"line":29,"column":4},"end":{"line":29,"column":5}},"loc":{"start":{"line":29,"column":33},"end":{"line":53,"column":5}},"line":29},"4":{"name":"(anonymous_4)","decl":{"start":{"line":38,"column":16},"end":{"line":38,"column":17}},"loc":{"start":{"line":38,"column":20},"end":{"line":42,"column":13}},"line":38},"5":{"name":"(anonymous_5)","decl":{"start":{"line":43,"column":16},"end":{"line":43,"column":17}},"loc":{"start":{"line":43,"column":26},"end":{"line":48,"column":13}},"line":43}},"branchMap":{"0":{"loc":{"start":{"line":16,"column":8},"end":{"line":16,"column":52}},"type":"if","locations":[{"start":{"line":16,"column":8},"end":{"line":16,"column":52}},{"start":{},"end":{}}],"line":16},"1":{"loc":{"start":{"line":16,"column":11},"end":{"line":16,"column":43}},"type":"binary-expr","locations":[{"start":{"line":16,"column":11},"end":{"line":16,"column":16}},{"start":{"line":16,"column":20},"end":{"line":16,"column":43}}],"line":16},"2":{"loc":{"start":{"line":40,"column":16},"end":{"line":40,"column":49}},"type":"binary-expr","locations":[{"start":{"line":40,"column":16},"end":{"line":40,"column":26}},{"start":{"line":40,"column":30},"end":{"line":40,"column":49}}],"line":40}},"s":{"0":7,"1":7,"2":21,"3":7,"4":14,"5":14,"6":14,"7":14,"8":28,"9":28,"10":2,"11":2,"12":2,"13":14},"f":{"0":7,"1":21,"2":14,"3":14,"4":28,"5":2},"b":{"0":[7,14],"1":[21,21],"2":[28,22]},"_coverageSchema":"1a1c01bbd47fc00a2c39e90264f33305004495a9","hash":"486df9435c4196895c17bd669b343e9d4757e375"}
,"C:\\Users\\yangrui\\Desktop\\class-assignments\\MVVM框架\\src\\watcher.js": {"path":"C:\\Users\\yangrui\\Desktop\\class-assignments\\MVVM框架\\src\\watcher.js","statementMap":{"0":{"start":{"line":5,"column":8},"end":{"line":5,"column":20}},"1":{"start":{"line":6,"column":8},"end":{"line":6,"column":24}},"2":{"start":{"line":7,"column":8},"end":{"line":7,"column":18}},"3":{"start":{"line":8,"column":8},"end":{"line":8,"column":21}},"4":{"start":{"line":19,"column":8},"end":{"line":19,"column":23}},"5":{"start":{"line":20,"column":19},"end":{"line":20,"column":51}},"6":{"start":{"line":21,"column":8},"end":{"line":21,"column":23}},"7":{"start":{"line":22,"column":8},"end":{"line":22,"column":21}},"8":{"start":{"line":32,"column":15},"end":{"line":32,"column":66}},"9":{"start":{"line":33,"column":8},"end":{"line":33,"column":24}},"10":{"start":{"line":41,"column":19},"end":{"line":41,"column":37}},"11":{"start":{"line":42,"column":8},"end":{"line":42,"column":34}}},"fnMap":{"0":{"name":"(anonymous_0)","decl":{"start":{"line":4,"column":4},"end":{"line":4,"column":5}},"loc":{"start":{"line":4,"column":29},"end":{"line":9,"column":5}},"line":4},"1":{"name":"(anonymous_1)","decl":{"start":{"line":16,"column":4},"end":{"line":16,"column":5}},"loc":{"start":{"line":16,"column":12},"end":{"line":23,"column":5}},"line":16},"2":{"name":"(anonymous_2)","decl":{"start":{"line":31,"column":4},"end":{"line":31,"column":5}},"loc":{"start":{"line":31,"column":25},"end":{"line":34,"column":5}},"line":31},"3":{"name":"(anonymous_3)","decl":{"start":{"line":40,"column":4},"end":{"line":40,"column":5}},"loc":{"start":{"line":40,"column":12},"end":{"line":43,"column":5}},"line":40}},"branchMap":{"0":{"loc":{"start":{"line":42,"column":8},"end":{"line":42,"column":34}},"type":"binary-expr","locations":[{"start":{"line":42,"column":8},"end":{"line":42,"column":15}},{"start":{"line":42,"column":19},"end":{"line":42,"column":34}}],"line":42}},"s":{"0":13,"1":13,"2":13,"3":13,"4":15,"5":15,"6":15,"7":15,"8":15,"9":15,"10":15,"11":15},"f":{"0":13,"1":15,"2":15,"3":15},"b":{"0":[15,15]},"_coverageSchema":"1a1c01bbd47fc00a2c39e90264f33305004495a9","hash":"746c54b72aa5efe1594116046eed1f1816e00956"}
}
