TN:
SF:src\compiler.js
FN:4,(anonymous_0)
FN:23,(anonymous_1)
FN:26,(anonymous_2)
FN:41,(anonymous_3)
FN:47,(anonymous_4)
FN:49,(anonymous_5)
FN:67,(anonymous_6)
FN:70,(anonymous_7)
FN:76,(anonymous_8)
FN:81,(anonymous_9)
FN:84,(anonymous_10)
FN:87,(anonymous_11)
FN:106,(anonymous_12)
FN:113,(anonymous_13)
FN:123,(anonymous_14)
FN:131,(anonymous_15)
FNF:16
FNH:16
FNDA:11,(anonymous_0)
FNDA:11,(anonymous_1)
FNDA:11,(anonymous_2)
FNDA:11,(anonymous_3)
FNDA:22,(anonymous_4)
FNDA:19,(anonymous_5)
FNDA:11,(anonymous_6)
FNDA:16,(anonymous_7)
FNDA:2,(anonymous_8)
FNDA:4,(anonymous_9)
FNDA:1,(anonymous_10)
FNDA:2,(anonymous_11)
FNDA:8,(anonymous_12)
FNDA:9,(anonymous_13)
FNDA:9,(anonymous_14)
FNDA:19,(anonymous_15)
DA:5,11
DA:6,11
DA:7,11
DA:9,11
DA:11,11
DA:13,11
DA:24,11
DA:25,11
DA:26,11
DA:27,11
DA:28,11
DA:32,11
DA:42,11
DA:44,11
DA:48,22
DA:49,19
DA:50,19
DA:52,11
DA:53,11
DA:55,8
DA:57,8
DA:68,11
DA:70,11
DA:71,16
DA:72,16
DA:73,5
DA:74,5
DA:76,2
DA:77,2
DA:79,2
DA:81,3
DA:82,4
DA:84,3
DA:86,1
DA:87,1
DA:88,2
DA:89,1
DA:91,1
DA:94,3
DA:107,8
DA:108,8
DA:111,8
DA:113,8
DA:114,9
DA:124,9
DA:126,9
DA:128,9
DA:130,9
DA:131,9
DA:133,19
DA:134,5
DA:137,14
DA:141,9
LF:53
LH:53
BRDA:25,0,0,11
BRDA:25,0,1,0
BRDA:25,1,0,11
BRDA:25,1,1,11
BRDA:27,2,0,11
BRDA:27,2,1,0
BRDA:44,3,0,11
BRDA:44,3,1,11
BRDA:44,3,2,0
BRDA:48,4,0,19
BRDA:48,4,1,3
BRDA:48,5,0,22
BRDA:48,5,1,22
BRDA:50,6,0,11
BRDA:50,6,1,8
BRDA:55,7,0,8
BRDA:55,7,1,0
BRDA:72,8,0,5
BRDA:72,8,1,11
BRDA:74,9,0,2
BRDA:74,9,1,3
BRDA:88,10,0,1
BRDA:88,10,1,1
BRDA:108,11,0,8
BRDA:108,11,1,0
BRDA:133,12,0,5
BRDA:133,12,1,14
BRDA:133,13,0,19
BRDA:133,13,1,15
BRF:29
BRH:24
end_of_record
TN:
SF:src\dep.js
FN:2,(anonymous_0)
FN:10,(anonymous_1)
FN:17,(anonymous_2)
FN:18,(anonymous_3)
FNF:4
FNH:4
FNDA:14,(anonymous_0)
FNDA:22,(anonymous_1)
FNDA:2,(anonymous_2)
FNDA:2,(anonymous_3)
DA:3,14
DA:11,22
DA:18,2
DA:19,2
LF:4
LH:4
BRF:0
BRH:0
end_of_record
TN:
SF:src\index.js
FN:5,(anonymous_0)
FN:23,(anonymous_1)
FN:24,(anonymous_2)
FN:26,(anonymous_3)
FN:29,(anonymous_4)
FNF:5
FNH:4
FNDA:7,(anonymous_0)
FNDA:7,(anonymous_1)
FNDA:7,(anonymous_2)
FNDA:14,(anonymous_3)
FNDA:0,(anonymous_4)
DA:7,7
DA:9,7
DA:11,7
DA:13,7
DA:15,7
DA:24,7
DA:25,7
DA:27,14
DA:30,0
DA:36,2
LF:10
LH:9
BRF:0
BRH:0
end_of_record
TN:
SF:src\observer.js
FN:4,(anonymous_0)
FN:15,(anonymous_1)
FN:17,(anonymous_2)
FN:29,(anonymous_3)
FN:38,(anonymous_4)
FN:43,(anonymous_5)
FNF:6
FNH:6
FNDA:7,(anonymous_0)
FNDA:21,(anonymous_1)
FNDA:14,(anonymous_2)
FNDA:14,(anonymous_3)
FNDA:28,(anonymous_4)
FNDA:2,(anonymous_5)
DA:5,7
DA:6,7
DA:16,21
DA:17,14
DA:18,14
DA:32,14
DA:33,14
DA:40,28
DA:41,28
DA:44,2
DA:45,2
DA:47,2
DA:52,14
LF:13
LH:13
BRDA:16,0,0,7
BRDA:16,0,1,14
BRDA:16,1,0,21
BRDA:16,1,1,21
BRDA:40,2,0,28
BRDA:40,2,1,22
BRF:6
BRH:6
end_of_record
TN:
SF:src\watcher.js
FN:4,(anonymous_0)
FN:16,(anonymous_1)
FN:31,(anonymous_2)
FN:40,(anonymous_3)
FNF:4
FNH:4
FNDA:13,(anonymous_0)
FNDA:15,(anonymous_1)
FNDA:15,(anonymous_2)
FNDA:15,(anonymous_3)
DA:5,13
DA:6,13
DA:7,13
DA:8,13
DA:19,15
DA:20,15
DA:21,15
DA:22,15
DA:32,15
DA:33,15
DA:41,15
DA:42,15
LF:12
LH:12
BRDA:42,0,0,15
BRDA:42,0,1,15
BRF:2
BRH:2
end_of_record
